<?xml version="1.0" encoding="UTF-8"?>
<!-- Generated by org.testng.reporters.JUnitReportReporter -->
<testsuite hostname="LAPTOP-G77P14G0" failures="0" tests="2" name="softwaertesting.trainingsessions.NewTest" time="0.013" errors="0" timestamp="2024-05-02T23:11:48 EDT" skipped="0">
  <testcase classname="softwaertesting.trainingsessions.NewTest" name="f" time="0.010"/>
  <testcase classname="softwaertesting.trainingsessions.NewTest" name="testsecond" time="0.003"/>
</testsuite> <!-- softwaertesting.trainingsessions.NewTest -->
