<?xml version="1.0" encoding="UTF-8"?>
<!-- Generated by org.testng.reporters.JUnitReportReporter -->
<testsuite hostname="LAPTOP-G77P14G0" failures="0" tests="1" name="softwaertesting.trainingsessions.signkh" time="9.702" errors="0" timestamp="2024-04-20T10:07:42 EDT" skipped="0">
  <testcase classname="softwaertesting.trainingsessions.signkh" name="f" time="9.702"/>
</testsuite> <!-- softwaertesting.trainingsessions.signkh -->
